<?xml version="1.0" encoding="UTF-8"?>
<!-- Generated by org.testng.reporters.JUnitReportReporter -->
<testsuite ignored="0" hostname="OP02" failures="0" tests="1" name="Proyecto.Laboratorio2Test" time="35.059" errors="0" timestamp="16 nov 2022 00:23:25 GMT" skipped="0">
  <testcase classname="Proyecto.Laboratorio2Test" name="lab2_E1" time="35.059"/>
</testsuite> <!-- Proyecto.Laboratorio2Test -->
