<?xml version="1.0" encoding="UTF-8"?>
<!-- Generated by org.testng.reporters.JUnitReportReporter -->
<testsuite ignored="0" hostname="DESKTOP-EKJ5BNI" failures="0" tests="1" name="Proyecto.TestNGExample" time="0.018" errors="0" timestamp="09 sep. 2022 18:37:57 GMT" skipped="0">
  <testcase classname="Proyecto.TestNGExample" name="f" time="0.018"/>
</testsuite> <!-- Proyecto.TestNGExample -->
